{
  "RSpec": {
    "coverage": {
      "/Users/tibomogul/projects/tibomogul/tibo_core/lib/tibo_core.rb": {
        "lines": [
          null,
          1,
          1,
          1,
          1,
          1,
          null,
          1,
          1,
          null,
          1,
          null,
          null
        ]
      },
      "/Users/tibomogul/projects/tibomogul/tibo_core/lib/tibo_core/engine.rb": {
        "lines": [
          1,
          1,
          1,
          null,
          1,
          1,
          1,
          1,
          null,
          null,
          null,
          null,
          1,
          1,
          0,
          null,
          null,
          null,
          null
        ]
      },
      "/Users/tibomogul/projects/tibomogul/tibo_core/app/controllers/tibo_core/application_controller.rb": {
        "lines": [
          0,
          0,
          0,
          0
        ],
        "branches": {}
      },
      "/Users/tibomogul/projects/tibomogul/tibo_core/app/helpers/tibo_core/application_helper.rb": {
        "lines": [
          0,
          0,
          0,
          0
        ],
        "branches": {}
      },
      "/Users/tibomogul/projects/tibomogul/tibo_core/app/jobs/tibo_core/application_job.rb": {
        "lines": [
          0,
          0,
          0,
          0
        ],
        "branches": {}
      },
      "/Users/tibomogul/projects/tibomogul/tibo_core/app/mailers/tibo_core/application_mailer.rb": {
        "lines": [
          0,
          0,
          0,
          0,
          0,
          0
        ],
        "branches": {}
      },
      "/Users/tibomogul/projects/tibomogul/tibo_core/app/models/tibo_core/application_record.rb": {
        "lines": [
          0,
          0,
          0,
          0,
          0
        ],
        "branches": {}
      },
      "/Users/tibomogul/projects/tibomogul/tibo_core/lib/tibo_core/version.rb": {
        "lines": [
          0,
          0,
          0
        ],
        "branches": {}
      }
    },
    "timestamp": 1765958164
  }
}
